<?xml version="1.0" encoding="UTF-8"?>
<testsuite name="Test Case 3: Custom Prompt Generation and AI Integration" tests="3" skipped="0" failures="0" errors="0" timestamp="2025-12-07T08:20:33" hostname="Mohammads-MacBook-Pro.local" time="0.0">
  <properties/>
  <testcase name="should adapt prompt complexity based on user experience level()" classname="com.serenityai.tests.usecases.uc32_journaling_prompts.unit.JournalingPromptsUseCaseTests$CustomPromptGenerationTests" time="0.0"/>
  <testcase name="should generate custom prompts based on user input and context()" classname="com.serenityai.tests.usecases.uc32_journaling_prompts.unit.JournalingPromptsUseCaseTests$CustomPromptGenerationTests" time="0.0"/>
  <testcase name="should validate prompt quality and user engagement metrics()" classname="com.serenityai.tests.usecases.uc32_journaling_prompts.unit.JournalingPromptsUseCaseTests$CustomPromptGenerationTests" time="0.0"/>
  <system-out><![CDATA[]]></system-out>
  <system-err><![CDATA[]]></system-err>
</testsuite>
