<?xml version="1.0" encoding="UTF-8"?>
<testsuite name="Test Case 3: Motor and Cognitive Accessibility" tests="3" skipped="0" failures="0" errors="0" timestamp="2025-12-07T08:20:33" hostname="Mohammads-MacBook-Pro.local" time="0.0">
  <properties/>
  <testcase name="should provide cognitive accessibility support()" classname="com.serenityai.tests.usecases.uc17_accessibility.unit.AccessibilityUseCaseTests$MotorAndCognitiveAccessibilityTests" time="0.0"/>
  <testcase name="should validate accessibility settings persistence and configuration()" classname="com.serenityai.tests.usecases.uc17_accessibility.unit.AccessibilityUseCaseTests$MotorAndCognitiveAccessibilityTests" time="0.0"/>
  <testcase name="should support motor accessibility requirements()" classname="com.serenityai.tests.usecases.uc17_accessibility.unit.AccessibilityUseCaseTests$MotorAndCognitiveAccessibilityTests" time="0.0"/>
  <system-out><![CDATA[]]></system-out>
  <system-err><![CDATA[]]></system-err>
</testsuite>
