<?xml version="1.0" encoding="UTF-8"?>
<testsuite name="Test Case 2: Early Warning System" tests="3" skipped="0" failures="0" errors="0" timestamp="2025-12-07T08:20:33" hostname="Mohammads-MacBook-Pro.local" time="0.001">
  <properties/>
  <testcase name="should prioritize warnings based on severity and urgency()" classname="com.serenityai.tests.usecases.uc35_relapse_prevention.unit.RelapsePreventionUseCaseTests$EarlyWarningSystemTests" time="0.0"/>
  <testcase name="should track warning patterns and escalation protocols()" classname="com.serenityai.tests.usecases.uc35_relapse_prevention.unit.RelapsePreventionUseCaseTests$EarlyWarningSystemTests" time="0.001"/>
  <testcase name="should detect early warning signs and trigger alerts()" classname="com.serenityai.tests.usecases.uc35_relapse_prevention.unit.RelapsePreventionUseCaseTests$EarlyWarningSystemTests" time="0.0"/>
  <system-out><![CDATA[]]></system-out>
  <system-err><![CDATA[]]></system-err>
</testsuite>
