<?xml version="1.0" encoding="UTF-8"?>
<testsuite name="Test Case 2: Notification Configuration and Scheduling" tests="2" skipped="0" failures="0" errors="0" timestamp="2025-12-07T08:20:33" hostname="Mohammads-MacBook-Pro.local" time="0.001">
  <properties/>
  <testcase name="UC18-REQ-2: System MUST schedule notifications based on user preferences" classname="com.serenityai.tests.unit.usecases.uc18_notifications.NotificationsUseCaseUnitTests$NotificationConfigurationTests" time="0.0"/>
  <testcase name="UC18-REQ-1: System MUST allow users to configure notification preferences" classname="com.serenityai.tests.unit.usecases.uc18_notifications.NotificationsUseCaseUnitTests$NotificationConfigurationTests" time="0.001"/>
  <system-out><![CDATA[]]></system-out>
  <system-err><![CDATA[]]></system-err>
</testsuite>
