<?xml version="1.0" encoding="UTF-8"?>
<testsuite name="Test Case 1: Mood Trend Analysis" tests="3" skipped="0" failures="0" errors="0" timestamp="2025-12-07T08:20:33" hostname="Mohammads-MacBook-Pro.local" time="0.0">
  <properties/>
  <testcase name="should identify mood trends over time()" classname="com.serenityai.tests.usecases.uc9_mood_analytics.unit.MoodAnalyticsUseCaseTests$MoodTrendAnalysisTests" time="0.0"/>
  <testcase name="should detect mood volatility patterns()" classname="com.serenityai.tests.usecases.uc9_mood_analytics.unit.MoodAnalyticsUseCaseTests$MoodTrendAnalysisTests" time="0.0"/>
  <testcase name="should calculate average mood correctly()" classname="com.serenityai.tests.usecases.uc9_mood_analytics.unit.MoodAnalyticsUseCaseTests$MoodTrendAnalysisTests" time="0.0"/>
  <system-out><![CDATA[]]></system-out>
  <system-err><![CDATA[]]></system-err>
</testsuite>
