<?xml version="1.0" encoding="UTF-8"?>
<testsuite name="Test Case 3: Content and Feature Personalization" tests="3" skipped="0" failures="0" errors="0" timestamp="2025-12-07T08:20:33" hostname="Mohammads-MacBook-Pro.local" time="0.001">
  <properties/>
  <testcase name="should validate personalization settings persistence()" classname="com.serenityai.tests.usecases.uc24_personalization.unit.PersonalizationUseCaseTests$ContentPersonalizationTests" time="0.0"/>
  <testcase name="should personalize notification preferences()" classname="com.serenityai.tests.usecases.uc24_personalization.unit.PersonalizationUseCaseTests$ContentPersonalizationTests" time="0.001"/>
  <testcase name="should manage content preferences effectively()" classname="com.serenityai.tests.usecases.uc24_personalization.unit.PersonalizationUseCaseTests$ContentPersonalizationTests" time="0.0"/>
  <system-out><![CDATA[]]></system-out>
  <system-err><![CDATA[]]></system-err>
</testsuite>
