<?xml version="1.0" encoding="UTF-8"?>
<testsuite name="Test Case 2: AI Personality Customization" tests="3" skipped="0" failures="0" errors="0" timestamp="2025-12-07T08:20:33" hostname="Mohammads-MacBook-Pro.local" time="0.0">
  <properties/>
  <testcase name="should configure AI personality settings()" classname="com.serenityai.tests.usecases.uc24_personalization.unit.PersonalizationUseCaseTests$AIPersonalityCustomizationTests" time="0.0"/>
  <testcase name="should adapt AI responses based on personality selection()" classname="com.serenityai.tests.usecases.uc24_personalization.unit.PersonalizationUseCaseTests$AIPersonalityCustomizationTests" time="0.0"/>
  <testcase name="should track personality effectiveness metrics()" classname="com.serenityai.tests.usecases.uc24_personalization.unit.PersonalizationUseCaseTests$AIPersonalityCustomizationTests" time="0.0"/>
  <system-out><![CDATA[]]></system-out>
  <system-err><![CDATA[]]></system-err>
</testsuite>
