<?xml version="1.0" encoding="UTF-8"?>
<testsuite name="Test Case 3: Peer Interactions - Validates Advanced UC39 Functionality" tests="4" skipped="0" failures="0" errors="0" timestamp="2025-12-07T08:20:33" hostname="Mohammads-MacBook-Pro.local" time="0.001">
  <properties/>
  <testcase name="UC39-REQ-9: System MUST allow users to add comments to posts" classname="com.serenityai.tests.unit.usecases.uc39_community_support.CommunitySupportCirclesUseCaseUnitTests$PeerInteractionTests" time="0.0"/>
  <testcase name="UC39-REQ-8: System MUST validate post creation" classname="com.serenityai.tests.unit.usecases.uc39_community_support.CommunitySupportCirclesUseCaseUnitTests$PeerInteractionTests" time="0.0"/>
  <testcase name="UC39-REQ-10: System MUST allow users to like posts" classname="com.serenityai.tests.unit.usecases.uc39_community_support.CommunitySupportCirclesUseCaseUnitTests$PeerInteractionTests" time="0.0"/>
  <testcase name="UC39-REQ-7: System MUST allow users to create posts in circles" classname="com.serenityai.tests.unit.usecases.uc39_community_support.CommunitySupportCirclesUseCaseUnitTests$PeerInteractionTests" time="0.0"/>
  <system-out><![CDATA[]]></system-out>
  <system-err><![CDATA[]]></system-err>
</testsuite>
