<?xml version="1.0" encoding="UTF-8"?>
<testsuite name="Test Case 3: Crisis Detection" tests="1" skipped="0" failures="0" errors="0" timestamp="2025-12-07T08:20:33" hostname="Mohammads-MacBook-Pro.local" time="0.0">
  <properties/>
  <testcase name="UC1-REQ-5: System MUST detect crisis keywords in user messages" classname="com.serenityai.tests.unit.usecases.uc1_ai_chat_session.AIChatSessionUseCaseUnitTests$CrisisDetectionTests" time="0.0"/>
  <system-out><![CDATA[]]></system-out>
  <system-err><![CDATA[]]></system-err>
</testsuite>
