<?xml version="1.0" encoding="UTF-8"?>
<testsuite name="Test Case 2: Mood Selection and Data Capture" tests="2" skipped="0" failures="0" errors="0" timestamp="2025-12-07T08:20:33" hostname="Mohammads-MacBook-Pro.local" time="0.001">
  <properties/>
  <testcase name="UC3-REQ-1: System MUST allow users to select mood from predefined scale" classname="com.serenityai.tests.unit.usecases.uc3_mood_logging.MoodLoggingUseCaseUnitTests$MoodSelectionTests" time="0.0"/>
  <testcase name="UC3-REQ-2: System MUST capture contextual information (activities, triggers, notes)" classname="com.serenityai.tests.unit.usecases.uc3_mood_logging.MoodLoggingUseCaseUnitTests$MoodSelectionTests" time="0.001"/>
  <system-out><![CDATA[]]></system-out>
  <system-err><![CDATA[]]></system-err>
</testsuite>
