<?xml version="1.0" encoding="UTF-8"?>
<testsuite name="User Story: Crisis Support" tests="2" skipped="0" failures="0" errors="0" timestamp="2025-12-07T08:20:33" hostname="Mohammads-MacBook-Pro.local" time="0.001">
  <properties/>
  <testcase name="As a user, I want the system to detect when I'm in crisis" classname="com.serenityai.uat.UserAcceptanceTests$CrisisSupport" time="0.0"/>
  <testcase name="As a user in crisis, I want immediate help and resources so I can get the support I need" classname="com.serenityai.uat.UserAcceptanceTests$CrisisSupport" time="0.0"/>
  <system-out><![CDATA[]]></system-out>
  <system-err><![CDATA[]]></system-err>
</testsuite>
