<?xml version="1.0" encoding="UTF-8"?>
<testsuite name="Test Case 3: Notification Delivery and Engagement" tests="3" skipped="0" failures="0" errors="0" timestamp="2025-12-07T08:20:33" hostname="Mohammads-MacBook-Pro.local" time="0.0">
  <properties/>
  <testcase name="UC18-REQ-5: System MUST track notification engagement" classname="com.serenityai.tests.unit.usecases.uc18_notifications.NotificationsUseCaseUnitTests$NotificationDeliveryTests" time="0.0"/>
  <testcase name="UC18-REQ-3: System MUST handle notification permissions" classname="com.serenityai.tests.unit.usecases.uc18_notifications.NotificationsUseCaseUnitTests$NotificationDeliveryTests" time="0.0"/>
  <testcase name="UC18-REQ-4: System MUST deliver notifications at specified times" classname="com.serenityai.tests.unit.usecases.uc18_notifications.NotificationsUseCaseUnitTests$NotificationDeliveryTests" time="0.0"/>
  <system-out><![CDATA[]]></system-out>
  <system-err><![CDATA[]]></system-err>
</testsuite>
