<?xml version="1.0" encoding="UTF-8"?>
<testsuite name="Test Case 1: Session Management - Validates Core UC34 Functionality" tests="3" skipped="0" failures="0" errors="0" timestamp="2025-12-07T08:20:33" hostname="Mohammads-MacBook-Pro.local" time="0.0">
  <properties/>
  <testcase name="UC34-REQ-3: System MUST allow users to join group sessions" classname="com.serenityai.tests.unit.usecases.uc34_group_therapy.GroupTherapySimulationModeUseCaseUnitTests$SessionManagementTests" time="0.0"/>
  <testcase name="UC34-REQ-2: System MUST validate session creation input" classname="com.serenityai.tests.unit.usecases.uc34_group_therapy.GroupTherapySimulationModeUseCaseUnitTests$SessionManagementTests" time="0.0"/>
  <testcase name="UC34-REQ-1: System MUST create group therapy sessions" classname="com.serenityai.tests.unit.usecases.uc34_group_therapy.GroupTherapySimulationModeUseCaseUnitTests$SessionManagementTests" time="0.0"/>
  <system-out><![CDATA[]]></system-out>
  <system-err><![CDATA[]]></system-err>
</testsuite>
