<?xml version="1.0" encoding="UTF-8"?>
<testsuite name="MoodTrend Creation" tests="2" skipped="0" failures="0" errors="0" timestamp="2025-12-07T08:20:33" hostname="Mohammads-MacBook-Pro.local" time="0.001">
  <properties/>
  <testcase name="should create mood trend with default insights" classname="com.serenityai.data.models.MoodTrendTest$MoodTrendCreation" time="0.001"/>
  <testcase name="should create mood trend with all properties" classname="com.serenityai.data.models.MoodTrendTest$MoodTrendCreation" time="0.0"/>
  <system-out><![CDATA[]]></system-out>
  <system-err><![CDATA[]]></system-err>
</testsuite>
