<?xml version="1.0" encoding="UTF-8"?>
<testsuite name="Test Case 3: Analytics Dashboard and Insights" tests="3" skipped="0" failures="0" errors="0" timestamp="2025-12-07T08:20:33" hostname="Mohammads-MacBook-Pro.local" time="0.0">
  <properties/>
  <testcase name="should calculate mood statistics accurately()" classname="com.serenityai.tests.unit.usecases.uc9_mood_analytics.MoodAnalyticsUseCaseTests$AnalyticsDashboardTests" time="0.0"/>
  <testcase name="should track mood consistency and stability metrics()" classname="com.serenityai.tests.unit.usecases.uc9_mood_analytics.MoodAnalyticsUseCaseTests$AnalyticsDashboardTests" time="0.0"/>
  <testcase name="should generate personalized recommendations based on patterns()" classname="com.serenityai.tests.unit.usecases.uc9_mood_analytics.MoodAnalyticsUseCaseTests$AnalyticsDashboardTests" time="0.0"/>
  <system-out><![CDATA[]]></system-out>
  <system-err><![CDATA[]]></system-err>
</testsuite>
