<?xml version="1.0" encoding="UTF-8"?>
<testsuite name="Complete Chat Session Workflow" tests="1" skipped="0" failures="0" errors="0" timestamp="2025-12-07T08:20:33" hostname="Mohammads-MacBook-Pro.local" time="0.006">
  <properties/>
  <testcase name="Should complete full chat session from start to finish" classname="com.serenityai.integration.IntegrationTests$CompleteChatSessionWorkflow" time="0.006"/>
  <system-out><![CDATA[]]></system-out>
  <system-err><![CDATA[]]></system-err>
</testsuite>
