<?xml version="1.0" encoding="UTF-8"?>
<testsuite name="Test Case 4: Conversation Context Building" tests="2" skipped="0" failures="0" errors="0" timestamp="2025-12-07T08:20:33" hostname="Mohammads-MacBook-Pro.local" time="0.001">
  <properties/>
  <testcase name="UC29-REQ-10: System MUST build conversation context" classname="com.serenityai.tests.unit.usecases.uc29_sentiment_adaptive_chat.AISentimentAdaptiveChatUseCaseUnitTests$ConversationContextTests" time="0.001"/>
  <testcase name="UC29-REQ-11: System MUST generate contextual response" classname="com.serenityai.tests.unit.usecases.uc29_sentiment_adaptive_chat.AISentimentAdaptiveChatUseCaseUnitTests$ConversationContextTests" time="0.0"/>
  <system-out><![CDATA[]]></system-out>
  <system-err><![CDATA[]]></system-err>
</testsuite>
