<?xml version="1.0" encoding="UTF-8"?>
<testsuite name="MoodEntry Creation" tests="2" skipped="0" failures="0" errors="0" timestamp="2025-12-07T08:20:33" hostname="Mohammads-MacBook-Pro.local" time="0.001">
  <properties/>
  <testcase name="should create mood entry with default values" classname="com.serenityai.tests.data.models.MoodEntryTest$MoodEntryCreation" time="0.0"/>
  <testcase name="should create mood entry with custom values" classname="com.serenityai.tests.data.models.MoodEntryTest$MoodEntryCreation" time="0.001"/>
  <system-out><![CDATA[]]></system-out>
  <system-err><![CDATA[]]></system-err>
</testsuite>
