<?xml version="1.0" encoding="UTF-8"?>
<testsuite name="Test Case 3: Deescalation Step Execution" tests="2" skipped="0" failures="0" errors="0" timestamp="2025-12-07T08:20:33" hostname="Mohammads-MacBook-Pro.local" time="0.0">
  <properties/>
  <testcase name="UC36-REQ-8: System MUST execute deescalation steps" classname="com.serenityai.tests.unit.usecases.uc36_crisis_deescalation.AdaptiveCrisisDeescalationUseCaseUnitTests$StepExecutionTests" time="0.0"/>
  <testcase name="UC36-REQ-9: System MUST track step progress" classname="com.serenityai.tests.unit.usecases.uc36_crisis_deescalation.AdaptiveCrisisDeescalationUseCaseUnitTests$StepExecutionTests" time="0.0"/>
  <system-out><![CDATA[]]></system-out>
  <system-err><![CDATA[]]></system-err>
</testsuite>
