<?xml version="1.0" encoding="UTF-8"?>
<testsuite name="Test Case 2: Prompt Categorization and Filtering" tests="3" skipped="0" failures="0" errors="0" timestamp="2025-12-07T08:20:33" hostname="Mohammads-MacBook-Pro.local" time="0.001">
  <properties/>
  <testcase name="should prioritize prompts based on user preferences and history()" classname="com.serenityai.test.usecases.JournalingPromptsUseCaseTests$PromptCategorizationTests" time="0.001"/>
  <testcase name="should filter prompts by mood compatibility()" classname="com.serenityai.test.usecases.JournalingPromptsUseCaseTests$PromptCategorizationTests" time="0.0"/>
  <testcase name="should categorize prompts by type and theme correctly()" classname="com.serenityai.test.usecases.JournalingPromptsUseCaseTests$PromptCategorizationTests" time="0.0"/>
  <system-out><![CDATA[]]></system-out>
  <system-err><![CDATA[]]></system-err>
</testsuite>
