<?xml version="1.0" encoding="UTF-8"?>
<testsuite name="Test Case 7: Session Management" tests="3" skipped="0" failures="0" errors="0" timestamp="2025-12-07T08:20:33" hostname="Mohammads-MacBook-Pro.local" time="0.0">
  <properties/>
  <testcase name="UC36-REQ-18: System MUST complete deescalation session" classname="com.serenityai.tests.unit.usecases.uc36_crisis_deescalation.AdaptiveCrisisDeescalationUseCaseUnitTests$SessionManagementTests" time="0.0"/>
  <testcase name="UC36-REQ-17: System MUST get active sessions" classname="com.serenityai.tests.unit.usecases.uc36_crisis_deescalation.AdaptiveCrisisDeescalationUseCaseUnitTests$SessionManagementTests" time="0.0"/>
  <testcase name="UC36-REQ-16: System MUST create deescalation session" classname="com.serenityai.tests.unit.usecases.uc36_crisis_deescalation.AdaptiveCrisisDeescalationUseCaseUnitTests$SessionManagementTests" time="0.0"/>
  <system-out><![CDATA[]]></system-out>
  <system-err><![CDATA[]]></system-err>
</testsuite>
