<?xml version="1.0" encoding="UTF-8"?>
<testsuite name="Test Case 2: Validation and Error Handling" tests="2" skipped="0" failures="0" errors="0" timestamp="2025-12-07T08:20:33" hostname="Mohammads-MacBook-Pro.local" time="0.0">
  <properties/>
  <testcase name="UC4-REQ-1: System MUST validate user registration information" classname="com.serenityai.tests.unit.usecases.uc4_user_registration.UserRegistrationUseCaseUnitTests$ValidationTests" time="0.0"/>
  <testcase name="UC4-REQ-4: System MUST handle duplicate email registration attempts" classname="com.serenityai.tests.unit.usecases.uc4_user_registration.UserRegistrationUseCaseUnitTests$ValidationTests" time="0.0"/>
  <system-out><![CDATA[]]></system-out>
  <system-err><![CDATA[]]></system-err>
</testsuite>
