<?xml version="1.0" encoding="UTF-8"?>
<testsuite name="Test Case 3: Benefit Calculation - Validates Tertiary UC41 Functionality" tests="4" skipped="0" failures="0" errors="0" timestamp="2025-12-07T08:20:33" hostname="Mohammads-MacBook-Pro.local" time="0.002">
  <properties/>
  <testcase name="UC41-REQ-7: System MUST provide algorithm statistics" classname="com.serenityai.tests.unit.usecases.uc41_greedy_algorithm.GreedyAlgorithmUseCaseUnitTests$BenefitCalculationTests" time="0.002"/>
  <testcase name="UC41-REQ-4: System MUST calculate total benefit" classname="com.serenityai.tests.unit.usecases.uc41_greedy_algorithm.GreedyAlgorithmUseCaseUnitTests$BenefitCalculationTests" time="0.0"/>
  <testcase name="UC41-REQ-5: System MUST calculate total time" classname="com.serenityai.tests.unit.usecases.uc41_greedy_algorithm.GreedyAlgorithmUseCaseUnitTests$BenefitCalculationTests" time="0.0"/>
  <testcase name="UC41-REQ-6: System MUST provide selection explanation" classname="com.serenityai.tests.unit.usecases.uc41_greedy_algorithm.GreedyAlgorithmUseCaseUnitTests$BenefitCalculationTests" time="0.0"/>
  <system-out><![CDATA[]]></system-out>
  <system-err><![CDATA[]]></system-err>
</testsuite>
