<?xml version="1.0" encoding="UTF-8"?>
<testsuite name="Test Case 2: Meditation Session Management" tests="3" skipped="0" failures="0" errors="0" timestamp="2025-12-07T08:20:33" hostname="Mohammads-MacBook-Pro.local" time="0.001">
  <properties/>
  <testcase name="should track meditation session progress and statistics()" classname="com.serenityai.tests.unit.usecases.uc27_guided_breathing.GuidedBreathingUseCaseTests$MeditationSessionManagementTests" time="0.0"/>
  <testcase name="should manage meditation session types and durations()" classname="com.serenityai.tests.unit.usecases.uc27_guided_breathing.GuidedBreathingUseCaseTests$MeditationSessionManagementTests" time="0.0"/>
  <testcase name="should recommend meditation sessions based on user needs()" classname="com.serenityai.tests.unit.usecases.uc27_guided_breathing.GuidedBreathingUseCaseTests$MeditationSessionManagementTests" time="0.001"/>
  <system-out><![CDATA[]]></system-out>
  <system-err><![CDATA[]]></system-err>
</testsuite>
