<?xml version="1.0" encoding="UTF-8"?>
<testsuite name="Test Case 3: Preference Persistence and Application" tests="3" skipped="0" failures="0" errors="0" timestamp="2025-12-07T08:20:33" hostname="Mohammads-MacBook-Pro.local" time="0.001">
  <properties/>
  <testcase name="UC13-REQ-5: System MUST provide default preference values" classname="com.serenityai.tests.unit.usecases.uc13_preferences.AppPreferencesUseCaseUnitTests$PreferencePersistenceTests" time="0.0"/>
  <testcase name="UC13-REQ-2: System MUST save preference changes persistently" classname="com.serenityai.tests.unit.usecases.uc13_preferences.AppPreferencesUseCaseUnitTests$PreferencePersistenceTests" time="0.001"/>
  <testcase name="UC13-REQ-4: System MUST apply preference changes immediately" classname="com.serenityai.tests.unit.usecases.uc13_preferences.AppPreferencesUseCaseUnitTests$PreferencePersistenceTests" time="0.0"/>
  <system-out><![CDATA[]]></system-out>
  <system-err><![CDATA[]]></system-err>
</testsuite>
