<?xml version="1.0" encoding="UTF-8"?>
<testsuite name="Test Case 2: Mood Pattern Recognition" tests="3" skipped="0" failures="0" errors="0" timestamp="2025-12-07T08:20:33" hostname="Mohammads-MacBook-Pro.local" time="0.0">
  <properties/>
  <testcase name="should detect mood triggers and correlations()" classname="com.serenityai.tests.usecases.uc9_mood_analytics.unit.MoodAnalyticsUseCaseTests$MoodPatternRecognitionTests" time="0.0"/>
  <testcase name="should identify weekly mood patterns()" classname="com.serenityai.tests.usecases.uc9_mood_analytics.unit.MoodAnalyticsUseCaseTests$MoodPatternRecognitionTests" time="0.0"/>
  <testcase name="should generate AI-detected mood patterns()" classname="com.serenityai.tests.usecases.uc9_mood_analytics.unit.MoodAnalyticsUseCaseTests$MoodPatternRecognitionTests" time="0.0"/>
  <system-out><![CDATA[]]></system-out>
  <system-err><![CDATA[]]></system-err>
</testsuite>
