<?xml version="1.0" encoding="UTF-8"?>
<testsuite name="Test Case 2: Error Detection and Logging" tests="2" skipped="0" failures="0" errors="0" timestamp="2025-12-07T08:20:33" hostname="Mohammads-MacBook-Pro.local" time="0.0">
  <properties/>
  <testcase name="UC20-REQ-2: System MUST display user-friendly error messages" classname="com.serenityai.tests.unit.usecases.uc20_application_errors.ApplicationErrorsUseCaseUnitTests$ErrorDetectionTests" time="0.0"/>
  <testcase name="UC20-REQ-1: System MUST catch and log application errors" classname="com.serenityai.tests.unit.usecases.uc20_application_errors.ApplicationErrorsUseCaseUnitTests$ErrorDetectionTests" time="0.0"/>
  <system-out><![CDATA[]]></system-out>
  <system-err><![CDATA[]]></system-err>
</testsuite>
