<?xml version="1.0" encoding="UTF-8"?>
<testsuite name="MoodEntry Equality" tests="2" skipped="0" failures="0" errors="0" timestamp="2025-12-07T08:20:33" hostname="Mohammads-MacBook-Pro.local" time="0.001">
  <properties/>
  <testcase name="should not be equal when properties differ" classname="com.serenityai.data.models.MoodEntryTest$MoodEntryEquality" time="0.0"/>
  <testcase name="should be equal when all properties match" classname="com.serenityai.data.models.MoodEntryTest$MoodEntryEquality" time="0.0"/>
  <system-out><![CDATA[]]></system-out>
  <system-err><![CDATA[]]></system-err>
</testsuite>
