<?xml version="1.0" encoding="UTF-8"?>
<testsuite name="Test Case 6: Emotional Validation and Regulation" tests="2" skipped="0" failures="0" errors="0" timestamp="2025-12-07T08:20:33" hostname="Mohammads-MacBook-Pro.local" time="0.0">
  <properties/>
  <testcase name="UC29-REQ-16: System MUST suggest emotional regulation techniques" classname="com.serenityai.tests.unit.usecases.uc29_sentiment_adaptive_chat.AISentimentAdaptiveChatUseCaseUnitTests$ValidationAndRegulationTests" time="0.0"/>
  <testcase name="UC29-REQ-15: System MUST provide emotional validation" classname="com.serenityai.tests.unit.usecases.uc29_sentiment_adaptive_chat.AISentimentAdaptiveChatUseCaseUnitTests$ValidationAndRegulationTests" time="0.0"/>
  <system-out><![CDATA[]]></system-out>
  <system-err><![CDATA[]]></system-err>
</testsuite>
