<?xml version="1.0" encoding="UTF-8"?>
<testsuite name="Test Case 3: Safety Plan and Emergency Protocols" tests="3" skipped="0" failures="0" errors="0" timestamp="2025-12-07T08:20:33" hostname="Mohammads-MacBook-Pro.local" time="0.001">
  <properties/>
  <testcase name="should track safety plan effectiveness and update protocols()" classname="com.serenityai.test.usecases.RelapsePreventionUseCaseTests$SafetyPlanTests" time="0.0"/>
  <testcase name="should maintain comprehensive safety plan with emergency contacts()" classname="com.serenityai.test.usecases.RelapsePreventionUseCaseTests$SafetyPlanTests" time="0.0"/>
  <testcase name="should validate emergency contact accessibility and response protocols()" classname="com.serenityai.test.usecases.RelapsePreventionUseCaseTests$SafetyPlanTests" time="0.0"/>
  <system-out><![CDATA[]]></system-out>
  <system-err><![CDATA[]]></system-err>
</testsuite>
