<?xml version="1.0" encoding="UTF-8"?>
<testsuite name="Test Case 2: Virtual Participants and Activities - Validates Secondary UC34 Functionality" tests="3" skipped="0" failures="0" errors="0" timestamp="2025-12-07T08:20:33" hostname="Mohammads-MacBook-Pro.local" time="0.001">
  <properties/>
  <testcase name="UC34-REQ-4: System MUST create virtual participants for group sessions" classname="com.serenityai.tests.unit.usecases.uc34_group_therapy.GroupTherapySimulationModeUseCaseUnitTests$VirtualParticipantsTests" time="0.0"/>
  <testcase name="UC34-REQ-6: System MUST conduct group exercises" classname="com.serenityai.tests.unit.usecases.uc34_group_therapy.GroupTherapySimulationModeUseCaseUnitTests$VirtualParticipantsTests" time="0.0"/>
  <testcase name="UC34-REQ-5: System MUST facilitate group discussions" classname="com.serenityai.tests.unit.usecases.uc34_group_therapy.GroupTherapySimulationModeUseCaseUnitTests$VirtualParticipantsTests" time="0.001"/>
  <system-out><![CDATA[]]></system-out>
  <system-err><![CDATA[]]></system-err>
</testsuite>
