<?xml version="1.0" encoding="UTF-8"?>
<testsuite name="UAT: UC35 - Relapse Prevention Alerts" tests="2" skipped="0" failures="0" errors="0" timestamp="2025-12-07T08:20:33" hostname="Mohammads-MacBook-Pro.local" time="0.0">
  <properties/>
  <testcase name="As a user in crisis, I want immediate intervention support" classname="com.serenityai.tests.usecases.uc26_mood_forecasting.uat.UseCaseUATTests$RelapsePreventionUAT" time="0.0"/>
  <testcase name="As a user, I want early warnings for potential mood declines" classname="com.serenityai.tests.usecases.uc26_mood_forecasting.uat.UseCaseUATTests$RelapsePreventionUAT" time="0.0"/>
  <system-out><![CDATA[]]></system-out>
  <system-err><![CDATA[]]></system-err>
</testsuite>
