<?xml version="1.0" encoding="UTF-8"?>
<testsuite name="Test Case 2: Chat Analytics and Statistics" tests="3" skipped="0" failures="0" errors="0" timestamp="2025-12-07T08:20:33" hostname="Mohammads-MacBook-Pro.local" time="0.002">
  <properties/>
  <testcase name="should calculate total sessions and messages correctly()" classname="com.serenityai.test.usecases.ChatHistoryUseCaseTests$ChatAnalyticsTests" time="0.001"/>
  <testcase name="should identify most active chat sessions()" classname="com.serenityai.test.usecases.ChatHistoryUseCaseTests$ChatAnalyticsTests" time="0.0"/>
  <testcase name="should track weekly chat activity()" classname="com.serenityai.test.usecases.ChatHistoryUseCaseTests$ChatAnalyticsTests" time="0.001"/>
  <system-out><![CDATA[]]></system-out>
  <system-err><![CDATA[]]></system-err>
</testsuite>
