<?xml version="1.0" encoding="UTF-8"?>
<testsuite name="Test Case 1: Religious Preference Management - Validates Core UC40 Functionality" tests="3" skipped="0" failures="0" errors="0" timestamp="2025-12-07T08:20:33" hostname="Mohammads-MacBook-Pro.local" time="0.001">
  <properties/>
  <testcase name="UC40-REQ-2: System MUST retrieve user religious preference" classname="com.serenityai.tests.unit.usecases.uc40_religious_support.ReligiousSupportUseCaseUnitTests$ReligiousPreferenceTests" time="0.0"/>
  <testcase name="UC40-REQ-1: System MUST set user religious preference" classname="com.serenityai.tests.unit.usecases.uc40_religious_support.ReligiousSupportUseCaseUnitTests$ReligiousPreferenceTests" time="0.0"/>
  <testcase name="UC40-REQ-3: System MUST return null for unset preferences" classname="com.serenityai.tests.unit.usecases.uc40_religious_support.ReligiousSupportUseCaseUnitTests$ReligiousPreferenceTests" time="0.0"/>
  <system-out><![CDATA[]]></system-out>
  <system-err><![CDATA[]]></system-err>
</testsuite>
