<?xml version="1.0" encoding="UTF-8"?>
<testsuite name="Test Case 2: Credential Validation and Security" tests="2" skipped="0" failures="0" errors="0" timestamp="2025-12-06T10:54:08" hostname="Mohammads-MacBook-Pro.local" time="0.0">
  <properties/>
  <testcase name="UC7-REQ-1: System MUST validate login credentials" classname="com.serenityai.tests.unit.usecases.uc7_user_login.UserLoginUseCaseUnitTests$CredentialValidationTests" time="0.0"/>
  <testcase name="UC7-REQ-3: System MUST handle invalid credentials gracefully" classname="com.serenityai.tests.unit.usecases.uc7_user_login.UserLoginUseCaseUnitTests$CredentialValidationTests" time="0.0"/>
  <system-out><![CDATA[]]></system-out>
  <system-err><![CDATA[]]></system-err>
</testsuite>
