<?xml version="1.0" encoding="UTF-8"?>
<testsuite name="Test Case 5: Daily Reflections and Quotes - Validates Reflection Functionality" tests="4" skipped="0" failures="0" errors="0" timestamp="2025-12-06T10:54:08" hostname="Mohammads-MacBook-Pro.local" time="0.002">
  <properties/>
  <testcase name="UC40-REQ-16: System MUST filter quotes by topic" classname="com.serenityai.tests.unit.usecases.uc40_religious_support.ReligiousSupportUseCaseUnitTests$ReflectionTests" time="0.0"/>
  <testcase name="UC40-REQ-15: System MUST provide religious quotes" classname="com.serenityai.tests.unit.usecases.uc40_religious_support.ReligiousSupportUseCaseUnitTests$ReflectionTests" time="0.0"/>
  <testcase name="UC40-REQ-14: System MUST provide daily reflections" classname="com.serenityai.tests.unit.usecases.uc40_religious_support.ReligiousSupportUseCaseUnitTests$ReflectionTests" time="0.0"/>
  <testcase name="UC40-REQ-17: System MUST retrieve spiritual guidance history" classname="com.serenityai.tests.unit.usecases.uc40_religious_support.ReligiousSupportUseCaseUnitTests$ReflectionTests" time="0.001"/>
  <system-out><![CDATA[]]></system-out>
  <system-err><![CDATA[]]></system-err>
</testsuite>
