<?xml version="1.0" encoding="UTF-8"?>
<testsuite name="Test Case 3: Account Security and Data Persistence" tests="2" skipped="0" failures="0" errors="0" timestamp="2025-12-06T10:54:08" hostname="Mohammads-MacBook-Pro.local" time="0.0">
  <properties/>
  <testcase name="UC4-REQ-2: System MUST create secure user account with encrypted password" classname="com.serenityai.tests.unit.usecases.uc4_user_registration.UserRegistrationUseCaseUnitTests$AccountSecurityTests" time="0.0"/>
  <testcase name="UC4-REQ-3: System MUST store user profile information" classname="com.serenityai.tests.unit.usecases.uc4_user_registration.UserRegistrationUseCaseUnitTests$AccountSecurityTests" time="0.0"/>
  <system-out><![CDATA[]]></system-out>
  <system-err><![CDATA[]]></system-err>
</testsuite>
