<?xml version="1.0" encoding="UTF-8"?>
<testsuite name="Test Case 3: Motor and Cognitive Accessibility" tests="3" skipped="0" failures="0" errors="0" timestamp="2025-12-06T10:54:07" hostname="Mohammads-MacBook-Pro.local" time="0.001">
  <properties/>
  <testcase name="should provide cognitive accessibility support()" classname="com.serenityai.test.usecases.AccessibilityUseCaseTests$MotorAndCognitiveAccessibilityTests" time="0.0"/>
  <testcase name="should validate accessibility settings persistence and configuration()" classname="com.serenityai.test.usecases.AccessibilityUseCaseTests$MotorAndCognitiveAccessibilityTests" time="0.0"/>
  <testcase name="should support motor accessibility requirements()" classname="com.serenityai.test.usecases.AccessibilityUseCaseTests$MotorAndCognitiveAccessibilityTests" time="0.001"/>
  <system-out><![CDATA[]]></system-out>
  <system-err><![CDATA[]]></system-err>
</testsuite>
