<?xml version="1.0" encoding="UTF-8"?>
<testsuite name="Test Case 2: Crisis Detection and Intervention Triggers" tests="2" skipped="0" failures="0" errors="0" timestamp="2025-12-06T10:54:07" hostname="Mohammads-MacBook-Pro.local" time="0.0">
  <properties/>
  <testcase name="UC2-REQ-2: System MUST trigger immediate crisis intervention protocols" classname="com.serenityai.tests.unit.usecases.uc2_crisis_intervention.CrisisInterventionUseCaseUnitTests$CrisisDetectionTests" time="0.0"/>
  <testcase name="UC2-REQ-1: System MUST detect crisis keywords and patterns in user messages" classname="com.serenityai.tests.unit.usecases.uc2_crisis_intervention.CrisisInterventionUseCaseUnitTests$CrisisDetectionTests" time="0.0"/>
  <system-out><![CDATA[]]></system-out>
  <system-err><![CDATA[]]></system-err>
</testsuite>
