<?xml version="1.0" encoding="UTF-8"?>
<testsuite name="Test Case 3: Preferences and Achievements - Validates Tertiary UC10 Functionality" tests="3" skipped="0" failures="0" errors="0" timestamp="2025-12-06T10:54:07" hostname="Mohammads-MacBook-Pro.local" time="0.003">
  <properties/>
  <testcase name="UC10-REQ-10: System MUST update user streak" classname="com.serenityai.tests.unit.usecases.uc10_user_profile.UserProfileUseCaseUnitTests$PreferencesAndAchievementsTests" time="0.002"/>
  <testcase name="UC10-REQ-9: System MUST add XP and calculate level" classname="com.serenityai.tests.unit.usecases.uc10_user_profile.UserProfileUseCaseUnitTests$PreferencesAndAchievementsTests" time="0.0"/>
  <testcase name="UC10-REQ-8: System MUST update user preferences" classname="com.serenityai.tests.unit.usecases.uc10_user_profile.UserProfileUseCaseUnitTests$PreferencesAndAchievementsTests" time="0.0"/>
  <system-out><![CDATA[]]></system-out>
  <system-err><![CDATA[]]></system-err>
</testsuite>
