<?xml version="1.0" encoding="UTF-8"?>
<testsuite name="Test Case 2: Data Encryption and Secure Authentication" tests="2" skipped="0" failures="0" errors="0" timestamp="2025-12-06T10:54:07" hostname="Mohammads-MacBook-Pro.local" time="0.0">
  <properties/>
  <testcase name="UC23-REQ-2: System MUST implement secure authentication mechanisms" classname="com.serenityai.tests.unit.usecases.uc23_security_protocols.SecurityProtocolsUseCaseUnitTests$DataEncryptionTests" time="0.0"/>
  <testcase name="UC23-REQ-1: System MUST encrypt sensitive user data" classname="com.serenityai.tests.unit.usecases.uc23_security_protocols.SecurityProtocolsUseCaseUnitTests$DataEncryptionTests" time="0.0"/>
  <system-out><![CDATA[]]></system-out>
  <system-err><![CDATA[]]></system-err>
</testsuite>
