<?xml version="1.0" encoding="UTF-8"?>
<testsuite name="Crisis Detection Use Case" tests="3" skipped="0" failures="0" errors="0" timestamp="2025-12-06T10:54:08" hostname="Mohammads-MacBook-Pro.local" time="0.0">
  <properties/>
  <testcase name="Should detect self-harm mentions" classname="com.serenityai.tests.usecases.UseCaseTests$CrisisDetectionUseCase" time="0.0"/>
  <testcase name="Should detect crisis language" classname="com.serenityai.tests.usecases.UseCaseTests$CrisisDetectionUseCase" time="0.0"/>
  <testcase name="Should handle crisis escalation appropriately" classname="com.serenityai.tests.usecases.UseCaseTests$CrisisDetectionUseCase" time="0.0"/>
  <system-out><![CDATA[]]></system-out>
  <system-err><![CDATA[]]></system-err>
</testsuite>
