<?xml version="1.0" encoding="UTF-8"?>
<testsuite name="com.serenityai.SimpleTest" tests="3" skipped="0" failures="0" errors="0" timestamp="2025-12-06T10:54:07" hostname="Mohammads-MacBook-Pro.local" time="0.032">
  <properties/>
  <testcase name="simple boolean test()" classname="com.serenityai.SimpleTest" time="0.014"/>
  <testcase name="simple string test()" classname="com.serenityai.SimpleTest" time="0.016"/>
  <testcase name="simple addition test()" classname="com.serenityai.SimpleTest" time="0.0"/>
  <system-out><![CDATA[]]></system-out>
  <system-err><![CDATA[]]></system-err>
</testsuite>
