<?xml version="1.0" encoding="UTF-8"?>
<testsuite name="Test Case 2: Exercise Library Management" tests="3" skipped="0" failures="0" errors="0" timestamp="2025-12-06T10:54:08" hostname="Mohammads-MacBook-Pro.local" time="0.0">
  <properties/>
  <testcase name="should filter exercises by difficulty level()" classname="com.serenityai.tests.unit.usecases.uc8_coping_exercises.CopingExercisesUseCaseTests$ExerciseLibraryManagementTests" time="0.0"/>
  <testcase name="should track exercise completion and usage statistics()" classname="com.serenityai.tests.unit.usecases.uc8_coping_exercises.CopingExercisesUseCaseTests$ExerciseLibraryManagementTests" time="0.0"/>
  <testcase name="should filter exercises by category correctly()" classname="com.serenityai.tests.unit.usecases.uc8_coping_exercises.CopingExercisesUseCaseTests$ExerciseLibraryManagementTests" time="0.0"/>
  <system-out><![CDATA[]]></system-out>
  <system-err><![CDATA[]]></system-err>
</testsuite>
