<?xml version="1.0" encoding="UTF-8"?>
<testsuite name="Test Case 3: Error Recovery and Monitoring" tests="3" skipped="0" failures="0" errors="0" timestamp="2025-12-06T10:54:07" hostname="Mohammads-MacBook-Pro.local" time="0.001">
  <properties/>
  <testcase name="UC20-REQ-3: System MUST provide error recovery mechanisms" classname="com.serenityai.tests.unit.usecases.uc20_application_errors.ApplicationErrorsUseCaseUnitTests$ErrorRecoveryTests" time="0.0"/>
  <testcase name="UC20-REQ-4: System MUST report critical errors for monitoring" classname="com.serenityai.tests.unit.usecases.uc20_application_errors.ApplicationErrorsUseCaseUnitTests$ErrorRecoveryTests" time="0.0"/>
  <testcase name="UC20-REQ-5: System MUST maintain application stability during errors" classname="com.serenityai.tests.unit.usecases.uc20_application_errors.ApplicationErrorsUseCaseUnitTests$ErrorRecoveryTests" time="0.0"/>
  <system-out><![CDATA[]]></system-out>
  <system-err><![CDATA[]]></system-err>
</testsuite>
