<?xml version="1.0" encoding="UTF-8"?>
<testsuite name="Test Case 3: Input Validation and Security Compliance" tests="3" skipped="0" failures="0" errors="0" timestamp="2025-12-06T10:54:07" hostname="Mohammads-MacBook-Pro.local" time="0.001">
  <properties/>
  <testcase name="UC23-REQ-4: System MUST enforce secure communication protocols" classname="com.serenityai.tests.unit.usecases.uc23_security_protocols.SecurityProtocolsUseCaseUnitTests$SecurityComplianceTests" time="0.0"/>
  <testcase name="UC23-REQ-5: System MUST comply with data protection regulations" classname="com.serenityai.tests.unit.usecases.uc23_security_protocols.SecurityProtocolsUseCaseUnitTests$SecurityComplianceTests" time="0.0"/>
  <testcase name="UC23-REQ-3: System MUST validate input to prevent injection attacks" classname="com.serenityai.tests.unit.usecases.uc23_security_protocols.SecurityProtocolsUseCaseUnitTests$SecurityComplianceTests" time="0.0"/>
  <system-out><![CDATA[]]></system-out>
  <system-err><![CDATA[]]></system-err>
</testsuite>
