<?xml version="1.0" encoding="UTF-8"?>
<testsuite name="Cross-Feature Integration" tests="2" skipped="0" failures="0" errors="0" timestamp="2025-12-06T10:54:07" hostname="Mohammads-MacBook-Pro.local" time="0.0">
  <properties/>
  <testcase name="Should integrate crisis detection with support escalation" classname="com.serenityai.tests.integration.IntegrationTests$CrossFeatureIntegration" time="0.0"/>
  <testcase name="Should integrate mood support with chat recommendations" classname="com.serenityai.tests.integration.IntegrationTests$CrossFeatureIntegration" time="0.0"/>
  <system-out><![CDATA[]]></system-out>
  <system-err><![CDATA[]]></system-err>
</testsuite>
