<?xml version="1.0" encoding="UTF-8"?>
<testsuite name="Test Case 1: Screen Reader and Navigation Support" tests="3" skipped="0" failures="0" errors="0" timestamp="2025-12-06T10:54:07" hostname="Mohammads-MacBook-Pro.local" time="0.001">
  <properties/>
  <testcase name="should ensure keyboard navigation accessibility()" classname="com.serenityai.tests.unit.usecases.uc17_accessibility.AccessibilityUseCaseTests$ScreenReaderSupportTests" time="0.0"/>
  <testcase name="should validate content description quality()" classname="com.serenityai.tests.unit.usecases.uc17_accessibility.AccessibilityUseCaseTests$ScreenReaderSupportTests" time="0.0"/>
  <testcase name="should provide comprehensive screen reader support()" classname="com.serenityai.tests.unit.usecases.uc17_accessibility.AccessibilityUseCaseTests$ScreenReaderSupportTests" time="0.0"/>
  <system-out><![CDATA[]]></system-out>
  <system-err><![CDATA[]]></system-err>
</testsuite>
