<?xml version="1.0" encoding="UTF-8"?>
<testsuite name="Test Case 3: Data Processing and Personalization" tests="2" skipped="0" failures="0" errors="0" timestamp="2025-12-06T10:54:08" hostname="Mohammads-MacBook-Pro.local" time="0.0">
  <properties/>
  <testcase name="UC5-REQ-3: System MUST process personality data for personalization" classname="com.serenityai.tests.unit.usecases.uc5_personality_onboarding.PersonalityOnboardingUseCaseUnitTests$DataProcessingTests" time="0.0"/>
  <testcase name="UC5-REQ-4: System MUST save onboarding results to user profile" classname="com.serenityai.tests.unit.usecases.uc5_personality_onboarding.PersonalityOnboardingUseCaseUnitTests$DataProcessingTests" time="0.0"/>
  <system-out><![CDATA[]]></system-out>
  <system-err><![CDATA[]]></system-err>
</testsuite>
