<?xml version="1.0" encoding="UTF-8"?>
<testsuite name="Test Case 2: Mood Pattern Recognition" tests="3" skipped="0" failures="0" errors="0" timestamp="2025-12-06T10:54:07" hostname="Mohammads-MacBook-Pro.local" time="0.001">
  <properties/>
  <testcase name="should detect mood triggers and correlations()" classname="com.serenityai.test.usecases.MoodAnalyticsUseCaseTests$MoodPatternRecognitionTests" time="0.0"/>
  <testcase name="should identify weekly mood patterns()" classname="com.serenityai.test.usecases.MoodAnalyticsUseCaseTests$MoodPatternRecognitionTests" time="0.001"/>
  <testcase name="should generate AI-detected mood patterns()" classname="com.serenityai.test.usecases.MoodAnalyticsUseCaseTests$MoodPatternRecognitionTests" time="0.0"/>
  <system-out><![CDATA[]]></system-out>
  <system-err><![CDATA[]]></system-err>
</testsuite>
