<?xml version="1.0" encoding="UTF-8"?>
<testsuite name="Test Case 2: Network Detection and Offline Mode" tests="2" skipped="0" failures="0" errors="0" timestamp="2025-12-06T10:54:07" hostname="Mohammads-MacBook-Pro.local" time="0.0">
  <properties/>
  <testcase name="UC15-REQ-1: System MUST detect network connectivity status" classname="com.serenityai.tests.unit.usecases.uc15_network_connectivity.NetworkConnectivityUseCaseUnitTests$NetworkDetectionTests" time="0.0"/>
  <testcase name="UC15-REQ-2: System MUST handle offline mode gracefully" classname="com.serenityai.tests.unit.usecases.uc15_network_connectivity.NetworkConnectivityUseCaseUnitTests$NetworkDetectionTests" time="0.0"/>
  <system-out><![CDATA[]]></system-out>
  <system-err><![CDATA[]]></system-err>
</testsuite>
