<?xml version="1.0" encoding="UTF-8"?>
<testsuite name="Test Case 2: Chat Analytics and Statistics" tests="3" skipped="0" failures="0" errors="0" timestamp="2025-12-06T10:54:08" hostname="Mohammads-MacBook-Pro.local" time="0.0">
  <properties/>
  <testcase name="should calculate total sessions and messages correctly()" classname="com.serenityai.tests.usecases.uc6_chat_history.unit.ChatHistoryUseCaseUnitTests$ChatAnalyticsTests" time="0.0"/>
  <testcase name="should identify most active chat sessions()" classname="com.serenityai.tests.usecases.uc6_chat_history.unit.ChatHistoryUseCaseUnitTests$ChatAnalyticsTests" time="0.0"/>
  <testcase name="should track weekly chat activity()" classname="com.serenityai.tests.usecases.uc6_chat_history.unit.ChatHistoryUseCaseUnitTests$ChatAnalyticsTests" time="0.0"/>
  <system-out><![CDATA[]]></system-out>
  <system-err><![CDATA[]]></system-err>
</testsuite>
