<?xml version="1.0" encoding="UTF-8"?>
<testsuite name="Test Case 1: Core Functionality" tests="1" skipped="0" failures="0" errors="0" timestamp="2025-12-06T10:54:08" hostname="Mohammads-MacBook-Pro.local" time="0.003">
  <properties/>
  <testcase name="System MUST implement core Uc4 functionality" classname="com.serenityai.tests.unit.usecases.uc4_user_registration.UserRegistrationUseCaseUnitTests$CoreFunctionalityTests" time="0.003"/>
  <system-out><![CDATA[]]></system-out>
  <system-err><![CDATA[]]></system-err>
</testsuite>
