<?xml version="1.0" encoding="UTF-8"?>
<testsuite name="Test Case 1: Profile Management - Validates Core UC10 Functionality" tests="4" skipped="0" failures="0" errors="0" timestamp="2025-12-06T10:54:07" hostname="Mohammads-MacBook-Pro.local" time="0.002">
  <properties/>
  <testcase name="UC10-REQ-4: System MUST retrieve user profile by ID" classname="com.serenityai.tests.unit.usecases.uc10_user_profile.UserProfileUseCaseUnitTests$ProfileManagementTests" time="0.0"/>
  <testcase name="UC10-REQ-1: System MUST create user profile with valid information" classname="com.serenityai.tests.unit.usecases.uc10_user_profile.UserProfileUseCaseUnitTests$ProfileManagementTests" time="0.0"/>
  <testcase name="UC10-REQ-3: System MUST update user profile information" classname="com.serenityai.tests.unit.usecases.uc10_user_profile.UserProfileUseCaseUnitTests$ProfileManagementTests" time="0.0"/>
  <testcase name="UC10-REQ-2: System MUST validate profile creation input" classname="com.serenityai.tests.unit.usecases.uc10_user_profile.UserProfileUseCaseUnitTests$ProfileManagementTests" time="0.001"/>
  <system-out><![CDATA[]]></system-out>
  <system-err><![CDATA[]]></system-err>
</testsuite>
