<?xml version="1.0" encoding="UTF-8"?>
<testsuite name="Test Case 9: Actionable Advice" tests="1" skipped="0" failures="0" errors="0" timestamp="2025-12-06T10:54:07" hostname="Mohammads-MacBook-Pro.local" time="0.001">
  <properties/>
  <testcase name="UC29-REQ-23: System MUST provide actionable advice" classname="com.serenityai.tests.unit.usecases.uc29_sentiment_adaptive_chat.AISentimentAdaptiveChatUseCaseUnitTests$ActionableAdviceTests" time="0.001"/>
  <system-out><![CDATA[]]></system-out>
  <system-err><![CDATA[]]></system-err>
</testsuite>
