<?xml version="1.0" encoding="UTF-8"?>
<testsuite name="Test Case 1: Breathing Exercise Management" tests="3" skipped="0" failures="0" errors="0" timestamp="2025-12-06T10:54:07" hostname="Mohammads-MacBook-Pro.local" time="0.0">
  <properties/>
  <testcase name="should track breathing session progress()" classname="com.serenityai.test.usecases.GuidedBreathingUseCaseTests$BreathingExerciseManagementTests" time="0.0"/>
  <testcase name="should validate breathing exercise effectiveness()" classname="com.serenityai.test.usecases.GuidedBreathingUseCaseTests$BreathingExerciseManagementTests" time="0.0"/>
  <testcase name="should manage different breathing exercise types()" classname="com.serenityai.test.usecases.GuidedBreathingUseCaseTests$BreathingExerciseManagementTests" time="0.0"/>
  <system-out><![CDATA[]]></system-out>
  <system-err><![CDATA[]]></system-err>
</testsuite>
