<?xml version="1.0" encoding="UTF-8"?>
<testsuite name="Test Case 2: Therapist Notes - Validates Secondary UC28 Functionality" tests="2" skipped="0" failures="0" errors="0" timestamp="2025-12-06T10:54:07" hostname="Mohammads-MacBook-Pro.local" time="0.001">
  <properties/>
  <testcase name="UC28-REQ-5: System MUST retrieve therapist notes" classname="com.serenityai.tests.unit.usecases.uc28_therapist_portal.TherapistPortalIntegrationUseCaseUnitTests$TherapistNotesTests" time="0.0"/>
  <testcase name="UC28-REQ-4: System MUST add therapist notes" classname="com.serenityai.tests.unit.usecases.uc28_therapist_portal.TherapistPortalIntegrationUseCaseUnitTests$TherapistNotesTests" time="0.0"/>
  <system-out><![CDATA[]]></system-out>
  <system-err><![CDATA[]]></system-err>
</testsuite>
