<?xml version="1.0" encoding="UTF-8"?>
<testsuite name="Test Case 2: Validation and Error Handling" tests="1" skipped="0" failures="0" errors="0" timestamp="2025-12-06T10:54:08" hostname="Mohammads-MacBook-Pro.local" time="0.0">
  <properties/>
  <testcase name="System MUST validate inputs correctly" classname="com.serenityai.tests.usecases.uc15_network_connectivity.unit.NetworkConnectivityUseCaseUnitTests$ValidationTests" time="0.0"/>
  <system-out><![CDATA[]]></system-out>
  <system-err><![CDATA[]]></system-err>
</testsuite>
