<?xml version="1.0" encoding="UTF-8"?>
<testsuite name="Test Case 1: Burnout Risk Assessment - Validates Core UC37 Functionality" tests="3" skipped="0" failures="0" errors="0" timestamp="2025-12-06T10:54:07" hostname="Mohammads-MacBook-Pro.local" time="0.0">
  <properties/>
  <testcase name="UC37-REQ-1: System MUST assess burnout risk from multiple factors" classname="com.serenityai.tests.unit.usecases.uc37_burnout_detection.PredictiveBurnoutDetectionUseCaseUnitTests$RiskAssessmentTests" time="0.0"/>
  <testcase name="UC37-REQ-3: System MUST identify multiple burnout risk factors" classname="com.serenityai.tests.unit.usecases.uc37_burnout_detection.PredictiveBurnoutDetectionUseCaseUnitTests$RiskAssessmentTests" time="0.0"/>
  <testcase name="UC37-REQ-2: System MUST calculate burnout risk level correctly" classname="com.serenityai.tests.unit.usecases.uc37_burnout_detection.PredictiveBurnoutDetectionUseCaseUnitTests$RiskAssessmentTests" time="0.0"/>
  <system-out><![CDATA[]]></system-out>
  <system-err><![CDATA[]]></system-err>
</testsuite>
