<?xml version="1.0" encoding="UTF-8"?>
<testsuite name="Test Case 5: Emotional Pattern Detection" tests="3" skipped="0" failures="0" errors="0" timestamp="2025-12-06T10:54:07" hostname="Mohammads-MacBook-Pro.local" time="0.001">
  <properties/>
  <testcase name="UC29-REQ-14: System MUST identify emotional needs" classname="com.serenityai.tests.unit.usecases.uc29_sentiment_adaptive_chat.AISentimentAdaptiveChatUseCaseUnitTests$PatternDetectionTests" time="0.0"/>
  <testcase name="UC29-REQ-13: System MUST detect emotional triggers" classname="com.serenityai.tests.unit.usecases.uc29_sentiment_adaptive_chat.AISentimentAdaptiveChatUseCaseUnitTests$PatternDetectionTests" time="0.001"/>
  <testcase name="UC29-REQ-12: System MUST detect conversation patterns" classname="com.serenityai.tests.unit.usecases.uc29_sentiment_adaptive_chat.AISentimentAdaptiveChatUseCaseUnitTests$PatternDetectionTests" time="0.0"/>
  <system-out><![CDATA[]]></system-out>
  <system-err><![CDATA[]]></system-err>
</testsuite>
