<?xml version="1.0" encoding="UTF-8"?>
<testsuite name="Test Case 2: Personality Assessment and Data Collection" tests="2" skipped="0" failures="0" errors="0" timestamp="2025-12-06T10:54:08" hostname="Mohammads-MacBook-Pro.local" time="0.001">
  <properties/>
  <testcase name="UC5-REQ-1: System MUST present personality assessment questions" classname="com.serenityai.tests.unit.usecases.uc5_personality_onboarding.PersonalityOnboardingUseCaseUnitTests$PersonalityAssessmentTests" time="0.001"/>
  <testcase name="UC5-REQ-2: System MUST collect user preferences and goals" classname="com.serenityai.tests.unit.usecases.uc5_personality_onboarding.PersonalityOnboardingUseCaseUnitTests$PersonalityAssessmentTests" time="0.0"/>
  <system-out><![CDATA[]]></system-out>
  <system-err><![CDATA[]]></system-err>
</testsuite>
