<?xml version="1.0" encoding="UTF-8"?>
<testsuite name="Test Case 3: History and Error Handling - Validates Advanced UC38 Functionality" tests="4" skipped="0" failures="0" errors="0" timestamp="2025-12-06T10:54:07" hostname="Mohammads-MacBook-Pro.local" time="0.002">
  <properties/>
  <testcase name="UC38-REQ-8: System MUST retrieve active voice session for user" classname="com.serenityai.tests.unit.usecases.uc38_voice_therapy.VoiceEnabledTherapyUseCaseUnitTests$HistoryAndErrorTests" time="0.001"/>
  <testcase name="UC38-REQ-7: System MUST retrieve voice session history" classname="com.serenityai.tests.unit.usecases.uc38_voice_therapy.VoiceEnabledTherapyUseCaseUnitTests$HistoryAndErrorTests" time="0.0"/>
  <testcase name="UC38-REQ-10: System MUST provide supported languages" classname="com.serenityai.tests.unit.usecases.uc38_voice_therapy.VoiceEnabledTherapyUseCaseUnitTests$HistoryAndErrorTests" time="0.0"/>
  <testcase name="UC38-REQ-9: System MUST handle voice recognition errors gracefully" classname="com.serenityai.tests.unit.usecases.uc38_voice_therapy.VoiceEnabledTherapyUseCaseUnitTests$HistoryAndErrorTests" time="0.001"/>
  <system-out><![CDATA[]]></system-out>
  <system-err><![CDATA[]]></system-err>
</testsuite>
