<?xml version="1.0" encoding="UTF-8"?>
<testsuite name="MoodInsight Creation" tests="2" skipped="0" failures="0" errors="0" timestamp="2025-12-06T10:54:07" hostname="Mohammads-MacBook-Pro.local" time="0.0">
  <properties/>
  <testcase name="should create mood insight with all properties" classname="com.serenityai.tests.data.models.MoodInsightTest$MoodInsightCreation" time="0.0"/>
  <testcase name="should create mood insight with default values" classname="com.serenityai.tests.data.models.MoodInsightTest$MoodInsightCreation" time="0.0"/>
  <system-out><![CDATA[]]></system-out>
  <system-err><![CDATA[]]></system-err>
</testsuite>
