<?xml version="1.0" encoding="UTF-8"?>
<testsuite name="Test Case 2: Performance and Resource Monitoring" tests="2" skipped="0" failures="0" errors="0" timestamp="2025-12-06T10:54:07" hostname="Mohammads-MacBook-Pro.local" time="0.0">
  <properties/>
  <testcase name="UC22-REQ-1: System MUST monitor application performance metrics" classname="com.serenityai.tests.unit.usecases.uc22_system_health.SystemHealthUseCaseUnitTests$PerformanceMonitoringTests" time="0.0"/>
  <testcase name="UC22-REQ-2: System MUST track resource usage (memory, CPU)" classname="com.serenityai.tests.unit.usecases.uc22_system_health.SystemHealthUseCaseUnitTests$PerformanceMonitoringTests" time="0.0"/>
  <system-out><![CDATA[]]></system-out>
  <system-err><![CDATA[]]></system-err>
</testsuite>
