<?xml version="1.0" encoding="UTF-8"?>
<testsuite name="Test Case 2: Visual Accessibility Features" tests="3" skipped="0" failures="0" errors="0" timestamp="2025-12-06T10:54:07" hostname="Mohammads-MacBook-Pro.local" time="0.001">
  <properties/>
  <testcase name="should provide comprehensive visual accessibility options()" classname="com.serenityai.tests.unit.usecases.uc17_accessibility.AccessibilityUseCaseTests$VisualAccessibilityTests" time="0.0"/>
  <testcase name="should support font size customization()" classname="com.serenityai.tests.unit.usecases.uc17_accessibility.AccessibilityUseCaseTests$VisualAccessibilityTests" time="0.0"/>
  <testcase name="should validate color contrast compliance()" classname="com.serenityai.tests.unit.usecases.uc17_accessibility.AccessibilityUseCaseTests$VisualAccessibilityTests" time="0.001"/>
  <system-out><![CDATA[]]></system-out>
  <system-err><![CDATA[]]></system-err>
</testsuite>
