<?xml version="1.0" encoding="UTF-8"?>
<testsuite name="Test Case 3: Adaptive Response Generation" tests="3" skipped="0" failures="0" errors="0" timestamp="2025-12-06T10:54:07" hostname="Mohammads-MacBook-Pro.local" time="0.001">
  <properties/>
  <testcase name="UC29-REQ-8: System MUST generate adaptive response for negative sentiment" classname="com.serenityai.tests.unit.usecases.uc29_sentiment_adaptive_chat.AISentimentAdaptiveChatUseCaseUnitTests$AdaptiveResponseTests" time="0.0"/>
  <testcase name="UC29-REQ-7: System MUST generate adaptive response for positive sentiment" classname="com.serenityai.tests.unit.usecases.uc29_sentiment_adaptive_chat.AISentimentAdaptiveChatUseCaseUnitTests$AdaptiveResponseTests" time="0.0"/>
  <testcase name="UC29-REQ-9: System MUST generate crisis response for very negative sentiment" classname="com.serenityai.tests.unit.usecases.uc29_sentiment_adaptive_chat.AISentimentAdaptiveChatUseCaseUnitTests$AdaptiveResponseTests" time="0.0"/>
  <system-out><![CDATA[]]></system-out>
  <system-err><![CDATA[]]></system-err>
</testsuite>
