<?xml version="1.0" encoding="UTF-8"?>
<testsuite name="Test Case 3: Religious Resources - Validates Resource Management Functionality" tests="3" skipped="0" failures="0" errors="0" timestamp="2025-12-06T10:54:08" hostname="Mohammads-MacBook-Pro.local" time="0.0">
  <properties/>
  <testcase name="UC40-REQ-8: System MUST provide religious resources for user's religion" classname="com.serenityai.tests.unit.usecases.uc40_religious_support.ReligiousSupportUseCaseUnitTests$ReligiousResourceTests" time="0.0"/>
  <testcase name="UC40-REQ-9: System MUST filter resources by category" classname="com.serenityai.tests.unit.usecases.uc40_religious_support.ReligiousSupportUseCaseUnitTests$ReligiousResourceTests" time="0.0"/>
  <testcase name="UC40-REQ-10: System MUST require religious preference for resources" classname="com.serenityai.tests.unit.usecases.uc40_religious_support.ReligiousSupportUseCaseUnitTests$ReligiousResourceTests" time="0.0"/>
  <system-out><![CDATA[]]></system-out>
  <system-err><![CDATA[]]></system-err>
</testsuite>
