<?xml version="1.0" encoding="UTF-8"?>
<testsuite name="Test Case 3: Progress Sharing and Encouragement - Validates Tertiary UC31 Functionality" tests="2" skipped="0" failures="0" errors="0" timestamp="2025-12-06T10:54:07" hostname="Mohammads-MacBook-Pro.local" time="0.001">
  <properties/>
  <testcase name="UC31-REQ-7: System MUST send encouragement messages" classname="com.serenityai.tests.unit.usecases.uc31_social_support.SocialSupportNetworkIntegrationUseCaseUnitTests$ProgressSharingTests" time="0.0"/>
  <testcase name="UC31-REQ-6: System MUST share progress with friends" classname="com.serenityai.tests.unit.usecases.uc31_social_support.SocialSupportNetworkIntegrationUseCaseUnitTests$ProgressSharingTests" time="0.001"/>
  <system-out><![CDATA[]]></system-out>
  <system-err><![CDATA[]]></system-err>
</testsuite>
