<?xml version="1.0" encoding="UTF-8"?>
<testsuite name="Test Case 3: Progress Tracking and Effectiveness" tests="3" skipped="0" failures="0" errors="0" timestamp="2025-12-06T10:54:08" hostname="Mohammads-MacBook-Pro.local" time="0.001">
  <properties/>
  <testcase name="should identify improvement opportunities()" classname="com.serenityai.tests.usecases.uc8_coping_exercises.unit.CopingExercisesUseCaseTests$ProgressTrackingTests" time="0.0"/>
  <testcase name="should calculate exercise effectiveness metrics()" classname="com.serenityai.tests.usecases.uc8_coping_exercises.unit.CopingExercisesUseCaseTests$ProgressTrackingTests" time="0.001"/>
  <testcase name="should track user progress over time()" classname="com.serenityai.tests.usecases.uc8_coping_exercises.unit.CopingExercisesUseCaseTests$ProgressTrackingTests" time="0.0"/>
  <system-out><![CDATA[]]></system-out>
  <system-err><![CDATA[]]></system-err>
</testsuite>
