<?xml version="1.0" encoding="UTF-8"?>
<testsuite name="Response Quality Use Case" tests="3" skipped="0" failures="0" errors="0" timestamp="2025-12-06T10:54:08" hostname="Mohammads-MacBook-Pro.local" time="0.001">
  <properties/>
  <testcase name="Should provide actionable advice" classname="com.serenityai.tests.usecases.UseCaseTests$ResponseQualityUseCase" time="0.0"/>
  <testcase name="Should maintain professional tone" classname="com.serenityai.tests.usecases.UseCaseTests$ResponseQualityUseCase" time="0.001"/>
  <testcase name="Should generate empathetic responses" classname="com.serenityai.tests.usecases.UseCaseTests$ResponseQualityUseCase" time="0.0"/>
  <system-out><![CDATA[]]></system-out>
  <system-err><![CDATA[]]></system-err>
</testsuite>
