<?xml version="1.0" encoding="UTF-8"?>
<testsuite name="Test Case 3: Engagement Tracking and Customization" tests="3" skipped="0" failures="0" errors="0" timestamp="2025-12-06T10:54:07" hostname="Mohammads-MacBook-Pro.local" time="0.0">
  <properties/>
  <testcase name="UC14-REQ-4: System MUST allow users to customize affirmation preferences" classname="com.serenityai.tests.unit.usecases.uc14_daily_affirmations.DailyAffirmationsUseCaseUnitTests$EngagementTrackingTests" time="0.0"/>
  <testcase name="UC14-REQ-5: System MUST provide affirmation history and favorites" classname="com.serenityai.tests.unit.usecases.uc14_daily_affirmations.DailyAffirmationsUseCaseUnitTests$EngagementTrackingTests" time="0.0"/>
  <testcase name="UC14-REQ-3: System MUST track user engagement with affirmations" classname="com.serenityai.tests.unit.usecases.uc14_daily_affirmations.DailyAffirmationsUseCaseUnitTests$EngagementTrackingTests" time="0.0"/>
  <system-out><![CDATA[]]></system-out>
  <system-err><![CDATA[]]></system-err>
</testsuite>
