<?xml version="1.0" encoding="UTF-8"?>
<testsuite name="User Story: Accessibility" tests="2" skipped="0" failures="0" errors="0" timestamp="2025-12-06T10:54:08" hostname="Mohammads-MacBook-Pro.local" time="0.0">
  <properties/>
  <testcase name="As a user, I want the AI to understand different ways of expressing my feelings" classname="com.serenityai.tests.usecases.uc35_relapse_prevention.uat.UserAcceptanceTests$Accessibility" time="0.0"/>
  <testcase name="As a user, I want the AI to respond appropriately to different message lengths" classname="com.serenityai.tests.usecases.uc35_relapse_prevention.uat.UserAcceptanceTests$Accessibility" time="0.0"/>
  <system-out><![CDATA[]]></system-out>
  <system-err><![CDATA[]]></system-err>
</testsuite>
