<?xml version="1.0" encoding="UTF-8"?>
<testsuite name="Test Case 2: Deescalation Script Generation" tests="3" skipped="0" failures="0" errors="0" timestamp="2025-12-06T10:54:07" hostname="Mohammads-MacBook-Pro.local" time="0.0">
  <properties/>
  <testcase name="UC36-REQ-6: System MUST generate high crisis script" classname="com.serenityai.tests.unit.usecases.uc36_crisis_deescalation.AdaptiveCrisisDeescalationUseCaseUnitTests$ScriptGenerationTests" time="0.0"/>
  <testcase name="UC36-REQ-5: System MUST generate critical crisis script" classname="com.serenityai.tests.unit.usecases.uc36_crisis_deescalation.AdaptiveCrisisDeescalationUseCaseUnitTests$ScriptGenerationTests" time="0.0"/>
  <testcase name="UC36-REQ-7: System MUST generate script with appropriate steps" classname="com.serenityai.tests.unit.usecases.uc36_crisis_deescalation.AdaptiveCrisisDeescalationUseCaseUnitTests$ScriptGenerationTests" time="0.0"/>
  <system-out><![CDATA[]]></system-out>
  <system-err><![CDATA[]]></system-err>
</testsuite>
