<?xml version="1.0" encoding="UTF-8"?>
<testsuite name="InsightType Enum" tests="2" skipped="0" failures="0" errors="0" timestamp="2025-12-06T10:54:07" hostname="Mohammads-MacBook-Pro.local" time="0.0">
  <properties/>
  <testcase name="should have all expected insight types" classname="com.serenityai.tests.data.models.InsightTypeTest$InsightTypeEnum" time="0.0"/>
  <testcase name="should have correct string representation" classname="com.serenityai.tests.data.models.InsightTypeTest$InsightTypeEnum" time="0.0"/>
  <system-out><![CDATA[]]></system-out>
  <system-err><![CDATA[]]></system-err>
</testsuite>
