<?xml version="1.0" encoding="UTF-8"?>
<testsuite name="User Story: AI Chat Support" tests="2" skipped="0" failures="0" errors="0" timestamp="2025-12-06T10:54:08" hostname="Mohammads-MacBook-Pro.local" time="0.0">
  <properties/>
  <testcase name="As a user, I want to chat with an AI therapist so I can get immediate emotional support" classname="com.serenityai.uat.UserAcceptanceTests$AIChatSupport" time="0.0"/>
  <testcase name="As a user, I want to get help with different types of mental health concerns" classname="com.serenityai.uat.UserAcceptanceTests$AIChatSupport" time="0.0"/>
  <system-out><![CDATA[]]></system-out>
  <system-err><![CDATA[]]></system-err>
</testsuite>
