<?xml version="1.0" encoding="UTF-8"?>
<testsuite name="Test Case 3: Service Availability and Health Reporting" tests="3" skipped="0" failures="0" errors="0" timestamp="2025-12-06T10:54:07" hostname="Mohammads-MacBook-Pro.local" time="0.001">
  <properties/>
  <testcase name="UC22-REQ-5: System MUST alert on critical health issues" classname="com.serenityai.tests.unit.usecases.uc22_system_health.SystemHealthUseCaseUnitTests$ServiceAvailabilityTests" time="0.001"/>
  <testcase name="UC22-REQ-4: System MUST generate health reports" classname="com.serenityai.tests.unit.usecases.uc22_system_health.SystemHealthUseCaseUnitTests$ServiceAvailabilityTests" time="0.0"/>
  <testcase name="UC22-REQ-3: System MUST detect service availability issues" classname="com.serenityai.tests.unit.usecases.uc22_system_health.SystemHealthUseCaseUnitTests$ServiceAvailabilityTests" time="0.0"/>
  <system-out><![CDATA[]]></system-out>
  <system-err><![CDATA[]]></system-err>
</testsuite>
