<?xml version="1.0" encoding="UTF-8"?>
<testsuite name="Test Case 3: Group Dynamics and Support - Validates Advanced UC34 Functionality" tests="3" skipped="0" failures="0" errors="0" timestamp="2025-12-06T10:54:07" hostname="Mohammads-MacBook-Pro.local" time="0.005">
  <properties/>
  <testcase name="UC34-REQ-9: System MUST retrieve active sessions for user" classname="com.serenityai.tests.unit.usecases.uc34_group_therapy.GroupTherapySimulationModeUseCaseUnitTests$GroupDynamicsTests" time="0.001"/>
  <testcase name="UC34-REQ-7: System MUST simulate realistic group dynamics" classname="com.serenityai.tests.unit.usecases.uc34_group_therapy.GroupTherapySimulationModeUseCaseUnitTests$GroupDynamicsTests" time="0.003"/>
  <testcase name="UC34-REQ-8: System MUST provide peer support responses" classname="com.serenityai.tests.unit.usecases.uc34_group_therapy.GroupTherapySimulationModeUseCaseUnitTests$GroupDynamicsTests" time="0.001"/>
  <system-out><![CDATA[]]></system-out>
  <system-err><![CDATA[]]></system-err>
</testsuite>
