<?xml version="1.0" encoding="UTF-8"?>
<testsuite name="MoodEntry Validation" tests="15" skipped="0" failures="0" errors="0" timestamp="2025-12-06T10:54:07" hostname="Mohammads-MacBook-Pro.local" time="0.005">
  <properties/>
  <testcase name="[1] 1" classname="com.serenityai.tests.data.models.MoodEntryTest$MoodEntryValidation" time="0.0"/>
  <testcase name="[2] 5" classname="com.serenityai.tests.data.models.MoodEntryTest$MoodEntryValidation" time="0.0"/>
  <testcase name="[3] 10" classname="com.serenityai.tests.data.models.MoodEntryTest$MoodEntryValidation" time="0.0"/>
  <testcase name="[1] 1" classname="com.serenityai.tests.data.models.MoodEntryTest$MoodEntryValidation" time="0.0"/>
  <testcase name="[2] 5" classname="com.serenityai.tests.data.models.MoodEntryTest$MoodEntryValidation" time="0.0"/>
  <testcase name="[3] 10" classname="com.serenityai.tests.data.models.MoodEntryTest$MoodEntryValidation" time="0.0"/>
  <testcase name="[1] 1" classname="com.serenityai.tests.data.models.MoodEntryTest$MoodEntryValidation" time="0.0"/>
  <testcase name="[2] 5" classname="com.serenityai.tests.data.models.MoodEntryTest$MoodEntryValidation" time="0.001"/>
  <testcase name="[3] 10" classname="com.serenityai.tests.data.models.MoodEntryTest$MoodEntryValidation" time="0.0"/>
  <testcase name="[1] 1" classname="com.serenityai.tests.data.models.MoodEntryTest$MoodEntryValidation" time="0.0"/>
  <testcase name="[2] 5" classname="com.serenityai.tests.data.models.MoodEntryTest$MoodEntryValidation" time="0.0"/>
  <testcase name="[3] 10" classname="com.serenityai.tests.data.models.MoodEntryTest$MoodEntryValidation" time="0.0"/>
  <testcase name="[1] 1" classname="com.serenityai.tests.data.models.MoodEntryTest$MoodEntryValidation" time="0.0"/>
  <testcase name="[2] 5" classname="com.serenityai.tests.data.models.MoodEntryTest$MoodEntryValidation" time="0.0"/>
  <testcase name="[3] 10" classname="com.serenityai.tests.data.models.MoodEntryTest$MoodEntryValidation" time="0.0"/>
  <system-out><![CDATA[]]></system-out>
  <system-err><![CDATA[]]></system-err>
</testsuite>
