<?xml version="1.0" encoding="UTF-8"?>
<testsuite name="Test Case 1: Core Functionality" tests="1" skipped="0" failures="0" errors="0" timestamp="2025-12-06T10:54:07" hostname="Mohammads-MacBook-Pro.local" time="0.001">
  <properties/>
  <testcase name="System MUST implement core Uc23 functionality" classname="com.serenityai.tests.unit.usecases.uc23_security_protocols.SecurityProtocolsUseCaseUnitTests$CoreFunctionalityTests" time="0.001"/>
  <system-out><![CDATA[]]></system-out>
  <system-err><![CDATA[]]></system-err>
</testsuite>
