<?xml version="1.0" encoding="UTF-8"?>
<testsuite name="Test Case 2: Support Groups - Validates Secondary UC31 Functionality" tests="2" skipped="0" failures="0" errors="0" timestamp="2025-12-06T10:54:07" hostname="Mohammads-MacBook-Pro.local" time="0.001">
  <properties/>
  <testcase name="UC31-REQ-5: System MUST join support groups" classname="com.serenityai.tests.unit.usecases.uc31_social_support.SocialSupportNetworkIntegrationUseCaseUnitTests$SupportGroupsTests" time="0.001"/>
  <testcase name="UC31-REQ-4: System MUST create support groups" classname="com.serenityai.tests.unit.usecases.uc31_social_support.SocialSupportNetworkIntegrationUseCaseUnitTests$SupportGroupsTests" time="0.0"/>
  <system-out><![CDATA[]]></system-out>
  <system-err><![CDATA[]]></system-err>
</testsuite>
