<?xml version="1.0" encoding="UTF-8"?>
<testsuite name="Test Case 3: Export and Data Management" tests="3" skipped="0" failures="0" errors="0" timestamp="2025-12-06T10:54:07" hostname="Mohammads-MacBook-Pro.local" time="0.007">
  <properties/>
  <testcase name="should format timestamps correctly for different time periods()" classname="com.serenityai.test.usecases.ChatHistoryUseCaseTests$ExportAndDataManagementTests" time="0.006"/>
  <testcase name="should handle export with empty chat history()" classname="com.serenityai.test.usecases.ChatHistoryUseCaseTests$ExportAndDataManagementTests" time="0.001"/>
  <testcase name="should prepare chat data for export in correct format()" classname="com.serenityai.test.usecases.ChatHistoryUseCaseTests$ExportAndDataManagementTests" time="0.0"/>
  <system-out><![CDATA[]]></system-out>
  <system-err><![CDATA[]]></system-err>
</testsuite>
