<?xml version="1.0" encoding="UTF-8"?>
<testsuite name="Test Case 2: Affirmation Generation and Delivery" tests="2" skipped="0" failures="0" errors="0" timestamp="2025-12-06T10:54:07" hostname="Mohammads-MacBook-Pro.local" time="0.001">
  <properties/>
  <testcase name="UC14-REQ-2: System MUST deliver affirmations at scheduled times" classname="com.serenityai.tests.unit.usecases.uc14_daily_affirmations.DailyAffirmationsUseCaseUnitTests$AffirmationGenerationTests" time="0.001"/>
  <testcase name="UC14-REQ-1: System MUST generate personalized daily affirmations" classname="com.serenityai.tests.unit.usecases.uc14_daily_affirmations.DailyAffirmationsUseCaseUnitTests$AffirmationGenerationTests" time="0.0"/>
  <system-out><![CDATA[]]></system-out>
  <system-err><![CDATA[]]></system-err>
</testsuite>
