<?xml version="1.0" encoding="UTF-8"?>
<testsuite name="Test Case 2: FAQ and Help Content - Validates Secondary UC25 Functionality" tests="3" skipped="0" failures="0" errors="0" timestamp="2025-12-06T10:54:07" hostname="Mohammads-MacBook-Pro.local" time="0.002">
  <properties/>
  <testcase name="UC25-REQ-5: System MUST provide contextual help based on current screen" classname="com.serenityai.tests.unit.usecases.uc25_user_support.UserSupportUseCaseUnitTests$FAQAndHelpTests" time="0.001"/>
  <testcase name="UC25-REQ-6: System MUST provide available support categories" classname="com.serenityai.tests.unit.usecases.uc25_user_support.UserSupportUseCaseUnitTests$FAQAndHelpTests" time="0.0"/>
  <testcase name="UC25-REQ-4: System MUST provide FAQ entries with search capability" classname="com.serenityai.tests.unit.usecases.uc25_user_support.UserSupportUseCaseUnitTests$FAQAndHelpTests" time="0.001"/>
  <system-out><![CDATA[]]></system-out>
  <system-err><![CDATA[]]></system-err>
</testsuite>
